Using pre-set license
Built from '2020.3/staging' branch; Version is '2020.3.5f1 (8095aa901b9b) revision 8426922'; Using compiler version '192528614'; Build Type 'Release'
OS: 'Windows 10 Home; OS build 19043.1645; Version 2009; 64bit' Language: 'ko' Physical Memory: 8048 MB
BatchMode: 1, IsHumanControllingUs: 0, StartBugReporterOnCrash: 0, Is64bit: 1, IsPro: 0

 COMMAND LINE ARGUMENTS:
C:\Program Files\Unity\Hub\Editor\2020.3.5f1\Editor\Unity.exe
-adb2
-batchMode
-noUpm
-name
AssetImportWorker0
-projectPath
C:/MiniGit/SubwayChaser/Mini
-logFile
Logs/AssetImportWorker0.log
-srvPort
3733
Successfully changed project path to: C:/MiniGit/SubwayChaser/Mini
C:/MiniGit/SubwayChaser/Mini
Using Asset Import Pipeline V2.
Refreshing native plugins compatible for Editor in 151.81 ms, found 0 plugins.
Preloading 0 native plugins for Editor in 0.00 ms.
Initialize engine version: 2020.3.5f1 (8095aa901b9b)
[Subsystems] Discovering subsystems at path C:/Program Files/Unity/Hub/Editor/2020.3.5f1/Editor/Data/Resources/UnitySubsystems
[Subsystems] Discovering subsystems at path C:/MiniGit/SubwayChaser/Mini/Assets
GfxDevice: creating device client; threaded=0
Direct3D:
    Version:  Direct3D 11.0 [level 11.1]
    Renderer: Intel(R) UHD Graphics 620 (ID=0x5917)
    Vendor:   
    VRAM:     4024 MB
    Driver:   27.20.100.8682
Initialize mono
Mono path[0] = 'C:/Program Files/Unity/Hub/Editor/2020.3.5f1/Editor/Data/Managed'
Mono path[1] = 'C:/Program Files/Unity/Hub/Editor/2020.3.5f1/Editor/Data/MonoBleedingEdge/lib/mono/unityjit'
Mono config path = 'C:/Program Files/Unity/Hub/Editor/2020.3.5f1/Editor/Data/MonoBleedingEdge/etc'
Using monoOptions --debugger-agent=transport=dt_socket,embedding=1,server=y,suspend=n,address=127.0.0.1:56340
Begin MonoManager ReloadAssembly
Registering precompiled unity dll's ...
Register platform support module: C:/Program Files/Unity/Hub/Editor/2020.3.5f1/Editor/Data/PlaybackEngines/WindowsStandaloneSupport/UnityEditor.WindowsStandalone.Extensions.dll
Registered in 0.041344 seconds.
Native extension for WindowsStandalone target not found
Refreshing native plugins compatible for Editor in 93.98 ms, found 0 plugins.
Preloading 0 native plugins for Editor in 0.00 ms.
Mono: successfully reloaded assembly
- Completed reload, in  4.171 seconds
Platform modules already initialized, skipping
Registering precompiled user dll's ...
Registered in 0.004676 seconds.
Begin MonoManager ReloadAssembly
Native extension for WindowsStandalone target not found
Refreshing native plugins compatible for Editor in 0.51 ms, found 0 plugins.
Preloading 0 native plugins for Editor in 0.00 ms.
Mono: successfully reloaded assembly
- Completed reload, in  3.262 seconds
Platform modules already initialized, skipping
========================================================================
Worker process is ready to serve import requests
Launched and connected shader compiler UnityShaderCompiler.exe after 0.25 seconds
Refreshing native plugins compatible for Editor in 0.45 ms, found 0 plugins.
Preloading 0 native plugins for Editor in 0.00 ms.
Unloading 1119 Unused Serialized files (Serialized files now loaded: 0)
System memory in use before: 57.5 MB.
System memory in use after: 57.5 MB.

Unloading 9 unused Assets to reduce memory usage. Loaded Objects now: 1563.
Total: 6.457100 ms (FindLiveObjects: 0.475300 ms CreateObjectMapping: 0.193200 ms MarkObjects: 5.474200 ms  DeleteObjects: 0.309000 ms)

========================================================================
Received Import Request.
  path: Assets/Sources/AlienMan/Animation/alienMan_walk.FBX
  artifactKey: Guid(0d25f51399b7e8c46a6680f38e96a597) Importer(815301076,1909f56bfc062723c751e8b465ee728b)
Start importing Assets/Sources/AlienMan/Animation/alienMan_walk.FBX using Guid(0d25f51399b7e8c46a6680f38e96a597) Importer(815301076,1909f56bfc062723c751e8b465ee728b)  -> (artifact id: '27b8009e94b5f84240b89fbe5a015b48') in 1.243373 seconds
  Import took 1.257484 seconds .

========================================================================
Received Import Request.
  Time since last request: 0.033187 seconds.
  path: Assets/Sources/AlienMan/Texture/alienMan_tex.png
  artifactKey: Guid(229775f537dea6443a7aa7a9b69f57c5) Importer(815301076,1909f56bfc062723c751e8b465ee728b)
Start importing Assets/Sources/AlienMan/Texture/alienMan_tex.png using Guid(229775f537dea6443a7aa7a9b69f57c5) Importer(815301076,1909f56bfc062723c751e8b465ee728b)  -> (artifact id: '87a4314078d517886ad5fc64459bc611') in 0.096143 seconds
  Import took 0.104183 seconds .

========================================================================
Received Import Request.
  Time since last request: 0.019057 seconds.
  path: Assets/Prefab
  artifactKey: Guid(96ee7dfa703328f48bf1ef5717f915db) Importer(815301076,1909f56bfc062723c751e8b465ee728b)
Start importing Assets/Prefab using Guid(96ee7dfa703328f48bf1ef5717f915db) Importer(815301076,1909f56bfc062723c751e8b465ee728b)  -> (artifact id: '063bba3fc9eef23a0846c4b6533cabb4') in 0.018464 seconds
  Import took 0.026295 seconds .

========================================================================
Received Import Request.
  Time since last request: 0.017679 seconds.
  path: Assets/Sources/AlienMan/Animation
  artifactKey: Guid(d61595217ac908a45893272c19053c68) Importer(815301076,1909f56bfc062723c751e8b465ee728b)
Start importing Assets/Sources/AlienMan/Animation using Guid(d61595217ac908a45893272c19053c68) Importer(815301076,1909f56bfc062723c751e8b465ee728b)  -> (artifact id: '8534ce8e7c5f186481132ac08ee6f424') in 0.017597 seconds
  Import took 0.023612 seconds .

========================================================================
Received Import Request.
  Time since last request: 0.017966 seconds.
  path: Assets/Sources/AlienMan/Scene
  artifactKey: Guid(18c29ac5af12c9c4dba54833d14e1a75) Importer(815301076,1909f56bfc062723c751e8b465ee728b)
Start importing Assets/Sources/AlienMan/Scene using Guid(18c29ac5af12c9c4dba54833d14e1a75) Importer(815301076,1909f56bfc062723c751e8b465ee728b)  -> (artifact id: '7e29616ca7e70d3c90fcc9781b268cc5') in 0.016768 seconds
  Import took 0.022664 seconds .

========================================================================
Received Import Request.
  Time since last request: 0.382283 seconds.
  path: Assets/Materials/Note.mat
  artifactKey: Guid(1226dac15e91ba748a9b0c73a75bb337) Importer(815301076,1909f56bfc062723c751e8b465ee728b)
Start importing Assets/Materials/Note.mat using Guid(1226dac15e91ba748a9b0c73a75bb337) Importer(815301076,1909f56bfc062723c751e8b465ee728b)  -> (artifact id: '77713ab64357451bc5526e3d35fda3b5') in 0.183984 seconds
  Import took 0.194547 seconds .

========================================================================
Received Import Request.
  Time since last request: 0.059313 seconds.
  path: Assets/Scripts/Spawner.cs
  artifactKey: Guid(7ba1627082fed444b8e4caa343d0625f) Importer(815301076,1909f56bfc062723c751e8b465ee728b)
Start importing Assets/Scripts/Spawner.cs using Guid(7ba1627082fed444b8e4caa343d0625f) Importer(815301076,1909f56bfc062723c751e8b465ee728b)  -> (artifact id: '2f4310038d8951e4d0404479e92d2e91') in 0.096511 seconds
  Import took 0.104508 seconds .

========================================================================
Received Import Request.
  Time since last request: 0.052635 seconds.
  path: Assets/Sources/AlienMan/Materials/alienMan_tex.mat
  artifactKey: Guid(3383d7c859b53aa46ba92781519b2df5) Importer(815301076,1909f56bfc062723c751e8b465ee728b)
Start importing Assets/Sources/AlienMan/Materials/alienMan_tex.mat using Guid(3383d7c859b53aa46ba92781519b2df5) Importer(815301076,1909f56bfc062723c751e8b465ee728b)  -> (artifact id: '220ef7382fe2b34653eb18c09ee54114') in 0.060609 seconds
  Import took 0.070835 seconds .

========================================================================
Received Import Request.
  Time since last request: 0.049753 seconds.
  path: Assets/Materials
  artifactKey: Guid(10c58d2ab98de694cacffdf16113fb5d) Importer(815301076,1909f56bfc062723c751e8b465ee728b)
Start importing Assets/Materials using Guid(10c58d2ab98de694cacffdf16113fb5d) Importer(815301076,1909f56bfc062723c751e8b465ee728b)  -> (artifact id: 'ccefbeebed540a5d618ef1fc470d745a') in 0.036545 seconds
  Import took 0.045957 seconds .

========================================================================
Received Import Request.
  Time since last request: 0.030078 seconds.
  path: Assets/Player.unity
  artifactKey: Guid(1f5b0b3020b74f9468da871c2555406b) Importer(815301076,1909f56bfc062723c751e8b465ee728b)
Start importing Assets/Player.unity using Guid(1f5b0b3020b74f9468da871c2555406b) Importer(815301076,1909f56bfc062723c751e8b465ee728b)  -> (artifact id: '2d08c4e1785991f72bfddb995061e522') in 0.013400 seconds
  Import took 0.016965 seconds .

========================================================================
Received Import Request.
  Time since last request: 0.014351 seconds.
  path: Assets/Sources/AlienMan/Texture
  artifactKey: Guid(652f8fd95b1325e4d84362ff6e2453be) Importer(815301076,1909f56bfc062723c751e8b465ee728b)
Start importing Assets/Sources/AlienMan/Texture using Guid(652f8fd95b1325e4d84362ff6e2453be) Importer(815301076,1909f56bfc062723c751e8b465ee728b)  -> (artifact id: '2607a1ca7fdc19226c70e7d1f8cab086') in 0.012473 seconds
  Import took 0.015748 seconds .

========================================================================
Received Import Request.
  Time since last request: 0.025206 seconds.
  path: Assets/Sources/AlienMan/Animation/alien_idle Controller.controller
  artifactKey: Guid(4139be4540bc937429a5e9191775aae4) Importer(815301076,1909f56bfc062723c751e8b465ee728b)
Start importing Assets/Sources/AlienMan/Animation/alien_idle Controller.controller using Guid(4139be4540bc937429a5e9191775aae4) Importer(815301076,1909f56bfc062723c751e8b465ee728b)  -> (artifact id: '2ef3684168d76261ed825bbecab22258') in 0.035551 seconds
  Import took 0.041177 seconds .

========================================================================
Received Import Request.
  Time since last request: 0.029571 seconds.
  path: Assets/Materials/Wall.mat
  artifactKey: Guid(1c9538944085427419e35e4eea7f5eab) Importer(815301076,1909f56bfc062723c751e8b465ee728b)
Start importing Assets/Materials/Wall.mat using Guid(1c9538944085427419e35e4eea7f5eab) Importer(815301076,1909f56bfc062723c751e8b465ee728b)  -> (artifact id: 'fa2804300ed66f7b30d9e0b9ad98e9ea') in 0.037414 seconds
  Import took 0.042494 seconds .

========================================================================
Received Import Request.
  Time since last request: 0.025308 seconds.
  path: Assets/Sources/AlienMan
  artifactKey: Guid(ffdf1b18b2f8b5c43b45e15706f6302e) Importer(815301076,1909f56bfc062723c751e8b465ee728b)
Start importing Assets/Sources/AlienMan using Guid(ffdf1b18b2f8b5c43b45e15706f6302e) Importer(815301076,1909f56bfc062723c751e8b465ee728b)  -> (artifact id: '9e44ce7f4e63488bef1e95f12e0a7399') in 0.014888 seconds
  Import took 0.019811 seconds .

========================================================================
Received Import Request.
  Time since last request: 0.044616 seconds.
  path: Assets/Sources/AlienMan/Animation/alienMan_jump.FBX
  artifactKey: Guid(6cbb1edbff40cf94ebf9077f7839c633) Importer(815301076,1909f56bfc062723c751e8b465ee728b)
Start importing Assets/Sources/AlienMan/Animation/alienMan_jump.FBX using Guid(6cbb1edbff40cf94ebf9077f7839c633) Importer(815301076,1909f56bfc062723c751e8b465ee728b)  -> (artifact id: '56c189f52b1df5ffea835ef9254d4ad5') in 0.064187 seconds
  Import took 0.075529 seconds .

========================================================================
Received Import Request.
  Time since last request: 0.029415 seconds.
  path: Assets/Sources/AlienMan/Animation/alienMan_slash.FBX
  artifactKey: Guid(e7b4b1c0cba27c4418f1840c40abdd8e) Importer(815301076,1909f56bfc062723c751e8b465ee728b)
Start importing Assets/Sources/AlienMan/Animation/alienMan_slash.FBX using Guid(e7b4b1c0cba27c4418f1840c40abdd8e) Importer(815301076,1909f56bfc062723c751e8b465ee728b)  -> (artifact id: 'b4b8fbdb6da5ed256643e18d5d2506b9') in 0.073069 seconds
  Import took 0.078042 seconds .

========================================================================
Received Import Request.
  Time since last request: 0.035995 seconds.
  path: Assets/Scripts/PlayerMovement.cs
  artifactKey: Guid(3c3ed89df3714284294217fafe280170) Importer(815301076,1909f56bfc062723c751e8b465ee728b)
Start importing Assets/Scripts/PlayerMovement.cs using Guid(3c3ed89df3714284294217fafe280170) Importer(815301076,1909f56bfc062723c751e8b465ee728b)  -> (artifact id: '22b33fbe7199d1a982d3b53ee93a3544') in 0.017813 seconds
  Import took 0.022532 seconds .

========================================================================
Received Import Request.
  Time since last request: 0.030524 seconds.
  path: Assets/Sources/AlienMan/Animation/alienMan_run.FBX
  artifactKey: Guid(b501a392d95674f4185528a73184b4ec) Importer(815301076,1909f56bfc062723c751e8b465ee728b)
Start importing Assets/Sources/AlienMan/Animation/alienMan_run.FBX using Guid(b501a392d95674f4185528a73184b4ec) Importer(815301076,1909f56bfc062723c751e8b465ee728b)  -> (artifact id: 'a433d8ece3912bffcfb58190dfd3bdf6') in 0.095702 seconds
  Import took 0.101387 seconds .

========================================================================
Received Import Request.
  Time since last request: 0.037730 seconds.
  path: Assets/Sources/AlienMan/Scene/Alienman.unity
  artifactKey: Guid(1255f051b1787b14c9bb206a82104b9d) Importer(815301076,1909f56bfc062723c751e8b465ee728b)
Start importing Assets/Sources/AlienMan/Scene/Alienman.unity using Guid(1255f051b1787b14c9bb206a82104b9d) Importer(815301076,1909f56bfc062723c751e8b465ee728b)  -> (artifact id: '9a1b692dde2a8703f0b8def6fda8a034') in 0.020151 seconds
  Import took 0.027250 seconds .

========================================================================
Received Import Request.
  Time since last request: 0.036191 seconds.
  path: Assets/Scripts/PlayerInput.cs
  artifactKey: Guid(74e4a836964244d46ad29f7562fc1f8c) Importer(815301076,1909f56bfc062723c751e8b465ee728b)
Start importing Assets/Scripts/PlayerInput.cs using Guid(74e4a836964244d46ad29f7562fc1f8c) Importer(815301076,1909f56bfc062723c751e8b465ee728b)  -> (artifact id: 'fd0620c8b6bcf1d87799bd74e33dfc02') in 0.016652 seconds
  Import took 0.023335 seconds .

========================================================================
Received Import Request.
  Time since last request: 0.035749 seconds.
  path: Assets/Materials/Spawner.mat
  artifactKey: Guid(163388f0d49c38e4997575642f211fb2) Importer(815301076,1909f56bfc062723c751e8b465ee728b)
Start importing Assets/Materials/Spawner.mat using Guid(163388f0d49c38e4997575642f211fb2) Importer(815301076,1909f56bfc062723c751e8b465ee728b)  -> (artifact id: 'd26e533e5e6072010409ebb7ca2dd9c3') in 0.032107 seconds
  Import took 0.037846 seconds .

========================================================================
Received Import Request.
  Time since last request: 0.025138 seconds.
  path: Assets/Sources
  artifactKey: Guid(25c665fd791c48044b64497a0277b5e6) Importer(815301076,1909f56bfc062723c751e8b465ee728b)
Start importing Assets/Sources using Guid(25c665fd791c48044b64497a0277b5e6) Importer(815301076,1909f56bfc062723c751e8b465ee728b)  -> (artifact id: 'd1a8655db00392bcc6ed1e9b29c67b92') in 0.018181 seconds
  Import took 0.023081 seconds .

========================================================================
Received Import Request.
  Time since last request: 0.024742 seconds.
  path: Assets/Prefab/Note.prefab
  artifactKey: Guid(f9f2fde15bc47bb459dbdaf6330f4746) Importer(815301076,1909f56bfc062723c751e8b465ee728b)
Start importing Assets/Prefab/Note.prefab using Guid(f9f2fde15bc47bb459dbdaf6330f4746) Importer(815301076,1909f56bfc062723c751e8b465ee728b)  -> (artifact id: 'bea9fbe595baa0be602e99b039c76802') in 0.037851 seconds
  Import took 0.043199 seconds .

========================================================================
Received Import Request.
  Time since last request: 0.050319 seconds.
  path: Assets/Sources/AlienMan/Scene/AlienmanSettings.lighting
  artifactKey: Guid(55eaa39179453c0479fc77a6f13035b1) Importer(815301076,1909f56bfc062723c751e8b465ee728b)
Start importing Assets/Sources/AlienMan/Scene/AlienmanSettings.lighting using Guid(55eaa39179453c0479fc77a6f13035b1) Importer(815301076,1909f56bfc062723c751e8b465ee728b) LightingSettings: switching bake backend from 1 to 0.
 -> (artifact id: '013d815db4ac5fef214c7b244afb36ee') in 0.032991 seconds
  Import took 0.039254 seconds .

========================================================================
Received Import Request.
  Time since last request: 0.034538 seconds.
  path: Assets/Sources/AlienMan/Animation/alienMan_idle.FBX
  artifactKey: Guid(c907612b8b260b0419f8acc5796d9d88) Importer(815301076,1909f56bfc062723c751e8b465ee728b)
Start importing Assets/Sources/AlienMan/Animation/alienMan_idle.FBX using Guid(c907612b8b260b0419f8acc5796d9d88) Importer(815301076,1909f56bfc062723c751e8b465ee728b)  -> (artifact id: '5d8495d6bfafc1b7cde1d04045b5d999') in 0.104537 seconds
  Import took 0.111097 seconds .

========================================================================
Received Import Request.
  Time since last request: 0.024137 seconds.
  path: Assets/Sources/AlienMan/Materials
  artifactKey: Guid(ca6997400581abb4998f5110377c4e33) Importer(815301076,1909f56bfc062723c751e8b465ee728b)
Start importing Assets/Sources/AlienMan/Materials using Guid(ca6997400581abb4998f5110377c4e33) Importer(815301076,1909f56bfc062723c751e8b465ee728b)  -> (artifact id: 'd107752b07158cfe75ce2481d18961ec') in 0.011160 seconds
  Import took 0.017622 seconds .

AssetImportWorkerClient::OnTransportError - code=2 error=End of file
